d:\my_projects\c\mydb\mydb\x64\debug\vc143.pdb
d:\my_projects\c\mydb\mydb\x64\debug\vc143.idb
d:\my_projects\c\mydb\mydb\x64\debug\util.obj
d:\my_projects\c\mydb\mydb\x64\debug\usecommand.obj
d:\my_projects\c\mydb\mydb\x64\debug\unusecommand.obj
d:\my_projects\c\mydb\mydb\x64\debug\table.obj
d:\my_projects\c\mydb\mydb\x64\debug\showcommand.obj
d:\my_projects\c\mydb\mydb\x64\debug\selectcommand.obj
d:\my_projects\c\mydb\mydb\x64\debug\programstate.obj
d:\my_projects\c\mydb\mydb\x64\debug\parser.obj
d:\my_projects\c\mydb\mydb\x64\debug\main.obj
d:\my_projects\c\mydb\mydb\x64\debug\logger.obj
d:\my_projects\c\mydb\mydb\x64\debug\insertcommand.obj
d:\my_projects\c\mydb\mydb\x64\debug\file_utils.obj
d:\my_projects\c\mydb\mydb\x64\debug\specialcommnad.obj
d:\my_projects\c\mydb\mydb\x64\debug\db_engine.obj
d:\my_projects\c\mydb\mydb\x64\debug\database.obj
d:\my_projects\c\mydb\mydb\x64\debug\createcommand.obj
d:\my_projects\c\mydb\mydb\x64\debug\commandvalidators.obj
d:\my_projects\c\mydb\mydb\x64\debug\app.obj
d:\my_projects\c\mydb\mydb\x64\debug\tokenizer.obj
d:\my_projects\c\mydb\mydb\x64\debug\parse_util.obj
d:\my_projects\c\mydb\x64\debug\mydb.exe
d:\my_projects\c\mydb\x64\debug\mydb.pdb
d:\my_projects\c\mydb\mydb\x64\debug\mydb.ilk
d:\my_projects\c\mydb\mydb\x64\debug\parser_util.obj
d:\my_projects\c\mydb\mydb\x64\debug\mydb.tlog\cl.command.1.tlog
d:\my_projects\c\mydb\mydb\x64\debug\mydb.tlog\cl.items.tlog
d:\my_projects\c\mydb\mydb\x64\debug\mydb.tlog\cl.read.1.tlog
d:\my_projects\c\mydb\mydb\x64\debug\mydb.tlog\cl.write.1.tlog
d:\my_projects\c\mydb\mydb\x64\debug\mydb.tlog\link.command.1.tlog
d:\my_projects\c\mydb\mydb\x64\debug\mydb.tlog\link.read.1.tlog
d:\my_projects\c\mydb\mydb\x64\debug\mydb.tlog\link.secondary.1.tlog
d:\my_projects\c\mydb\mydb\x64\debug\mydb.tlog\link.write.1.tlog
