[20:42:36] [ERROR] some trouble
[18:43:39] [ERROR] insufficient number of arguments
[18:54:22] [ERROR] insufficient number of arguments
[18:55:40] [ERROR] insufficient number of arguments
[18:55:41] [ERROR] insufficient number of arguments
[18:56:41] [ERROR] insufficient number of arguments
[18:57:00] [ERROR] insufficient number of arguments
[19:04:16] [ERROR] insufficient number of arguments
[19:05:48] [ERROR] insufficient number of arguments
[19:06:29] [ERROR] insufficient number of arguments
[13:13:02] [ERROR] Usage: USE <database_name>
[13:13:28] [ERROR] Usage: USE <database_name>
[13:14:11] [ERROR] Usage: USE <database_name>
[13:42:50] [ERROR] Usage: UNUSE
[15:45:40] [ERROR] Invalid CREATE syntax
[18:56:50] [ERROR] Usage: CREATE
[18:57:47] [ERROR] Usage: CREATE
[18:58:42] [ERROR] Usage: CREATE
[18:59:43] [ERROR] Usage: CREATE
[19:02:16] [ERROR] Usage: CREATE
[14:45:38] [ERROR] Invalid CREATE syntax
[14:46:19] [ERROR] Invalid CREATE syntax
[14:46:37] [ERROR] Invalid CREATE syntax
[14:14:27] [ERROR] Usage: USE <database_name>
[16:27:30] [ERROR] Invalid CREATE syntax
[16:28:18] [ERROR] Invalid CREATE syntax
[17:04:14] [ERROR] Unknown object type: DABASE
[15:47:29] [ERROR] Invalid CREATE syntax
[15:47:52] [ERROR] Invalid CREATE syntax
[15:47:54] [ERROR] Invalid CREATE syntax
[15:47:55] [ERROR] Invalid CREATE syntax
[15:47:55] [ERROR] Invalid CREATE syntax
[15:51:35] [ERROR] Invalid CREATE syntax
[16:33:19] [ERROR] Unknown object type: DATABAE
[13:01:02] [ERROR] Unknown object type: database
[13:01:05] [ERROR] Unknown object type: database
[13:01:06] [ERROR] Unknown object type: database
[13:01:06] [ERROR] Unknown object type: database
[20:13:43] [ERROR] Usage: USE <database_name>
